3-adapter/android/adapterPure/adapter-lib/build/intermediates/manifest_merge_blame_file/debug/processDebugManifest/manifest-merger-blame-debug-report.txt
1<?xml version="1.0" encoding="utf-8"?>
2<manifest xmlns:android="http://schemas.android.com/apk/res/android"
3    package="com.impos2.adapter" >
4
5    <uses-sdk android:minSdkVersion="24" />
6
7    <uses-permission android:name="android.permission.CAMERA" />
7-->src/main/AndroidManifest.xml:2:3-63
7-->src/main/AndroidManifest.xml:2:20-60
8    <uses-permission android:name="android.permission.FOREGROUND_SERVICE" />
8-->src/main/AndroidManifest.xml:3:3-75
8-->src/main/AndroidManifest.xml:3:20-72
9    <uses-permission android:name="android.permission.FOREGROUND_SERVICE_DATA_SYNC" />
9-->src/main/AndroidManifest.xml:4:3-85
9-->src/main/AndroidManifest.xml:4:20-82
10
11    <uses-feature
11-->src/main/AndroidManifest.xml:5:3-7:32
12        android:name="android.hardware.camera"
12-->src/main/AndroidManifest.xml:6:5-43
13        android:required="false" />
13-->src/main/AndroidManifest.xml:7:5-29
14
15    <application>
15-->src/main/AndroidManifest.xml:9:3-24:17
16        <activity
16-->src/main/AndroidManifest.xml:10:5-14:60
17            android:name="com.impos2.adapter.camera.CameraScanActivity"
17-->src/main/AndroidManifest.xml:11:7-48
18            android:exported="false"
18-->src/main/AndroidManifest.xml:12:7-31
19            android:screenOrientation="portrait"
19-->src/main/AndroidManifest.xml:13:7-43
20            android:theme="@style/Theme.AppCompat.NoActionBar" />
20-->src/main/AndroidManifest.xml:14:7-57
21        <activity
21-->src/main/AndroidManifest.xml:15:5-18:69
22            android:name="com.impos2.adapter.connector.SystemFilePickerActivity"
22-->src/main/AndroidManifest.xml:16:7-57
23            android:exported="false"
23-->src/main/AndroidManifest.xml:17:7-31
24            android:theme="@android:style/Theme.Translucent.NoTitleBar" />
24-->src/main/AndroidManifest.xml:18:7-66
25
26        <service
26-->src/main/AndroidManifest.xml:19:5-23:50
27            android:name="com.impos2.adapter.webserver.LocalWebServerService"
27-->src/main/AndroidManifest.xml:20:7-54
28            android:enabled="true"
28-->src/main/AndroidManifest.xml:21:7-29
29            android:exported="false"
29-->src/main/AndroidManifest.xml:22:7-31
30            android:foregroundServiceType="dataSync" />
30-->src/main/AndroidManifest.xml:23:7-47
31    </application>
32
33</manifest>